{
"contracts/IDAO.sol":{"l":{"12":38,"16":6},"path":"/Users/alexandre/code/alexandrewolff/investorDao/contracts/IDAO.sol","s":{"1":38,"2":6},"b":{},"f":{"1":111,"2":38,"3":6},"fnMap":{"1":{"name":"constructor","line":9,"loc":{"start":{"line":9,"column":4},"end":{"line":9,"column":48}}},"2":{"name":"mint","line":11,"loc":{"start":{"line":11,"column":4},"end":{"line":13,"column":4}}},"3":{"name":"burn","line":15,"loc":{"start":{"line":15,"column":4},"end":{"line":17,"column":4}}}},"statementMap":{"1":{"start":{"line":12,"column":8},"end":{"line":12,"column":24}},"2":{"start":{"line":16,"column":8},"end":{"line":16,"column":24}}},"branchMap":{}},
"contracts/interfaces/IIDAO.sol":{"l":{},"path":"/Users/alexandre/code/alexandrewolff/investorDao/contracts/interfaces/IIDAO.sol","s":{},"b":{},"f":{},"fnMap":{},"statementMap":{},"branchMap":{}},
"contracts/InvestorDao.sol":{"l":{"64":0,"68":0,"81":93,"82":93,"83":93,"85":93,"86":93,"87":93,"88":93,"89":93,"90":93,"91":93,"92":93,"96":0,"100":34,"105":33,"106":33,"108":33,"112":4,"115":4,"120":4,"121":3,"123":3,"127":22,"131":21,"134":21,"144":19,"145":18,"146":18,"150":17,"155":16,"157":16,"158":16,"159":13,"162":16,"166":12,"168":12,"170":11,"171":11,"175":10,"179":8,"184":7,"186":7,"187":7,"189":7,"191":7,"193":7,"202":7,"204":7,"205":7,"208":7,"218":7,"219":7,"220":7,"222":7,"223":7,"224":7,"226":7},"path":"/Users/alexandre/code/alexandrewolff/investorDao/contracts/InvestorDao.sol","s":{"1":0,"2":93,"3":93,"4":93,"5":93,"6":93,"7":93,"8":93,"9":93,"10":93,"11":93,"12":93,"13":0,"14":34,"15":33,"16":33,"17":33,"18":4,"19":4,"20":4,"21":3,"22":3,"23":22,"24":21,"25":21,"26":19,"27":18,"28":18,"29":17,"30":16,"31":16,"32":16,"33":13,"34":3,"35":16,"36":12,"37":12,"38":11,"39":11,"40":10,"41":8,"42":7,"43":7,"44":7,"45":7,"46":7,"47":7,"48":7,"49":7,"50":7,"51":7,"52":7,"53":7,"54":7,"55":7,"56":7,"57":7},"b":{"1":[0,0],"2":[93,0],"3":[93,0],"4":[93,0],"5":[33,1],"6":[21,1],"7":[18,1],"8":[17,1],"9":[16,1],"10":[13,3],"11":[11,1],"12":[10,1],"13":[8,2],"14":[7,1]},"f":{"1":0,"2":93,"3":0,"4":34,"5":4,"6":22,"7":19,"8":12,"9":7,"10":7},"fnMap":{"1":{"name":"onlyInvestors","line":63,"loc":{"start":{"line":63,"column":4},"end":{"line":69,"column":4}}},"2":{"name":"constructor","line":71,"loc":{"start":{"line":71,"column":4},"end":{"line":93,"column":4}}},"3":{"name":"getProposalsAmount","line":95,"loc":{"start":{"line":95,"column":4},"end":{"line":97,"column":4}}},"4":{"name":"invest","line":99,"loc":{"start":{"line":99,"column":4},"end":{"line":109,"column":4}}},"5":{"name":"withdraw","line":111,"loc":{"start":{"line":111,"column":4},"end":{"line":124,"column":4}}},"6":{"name":"createProposal","line":126,"loc":{"start":{"line":126,"column":4},"end":{"line":141,"column":4}}},"7":{"name":"voteProposal","line":143,"loc":{"start":{"line":143,"column":4},"end":{"line":163,"column":4}}},"8":{"name":"executeProposal","line":165,"loc":{"start":{"line":165,"column":4},"end":{"line":196,"column":4}}},"9":{"name":"trade","line":198,"loc":{"start":{"line":198,"column":4},"end":{"line":215,"column":4}}},"10":{"name":"sendEthToExecutor","line":217,"loc":{"start":{"line":217,"column":4},"end":{"line":233,"column":4}}}},"statementMap":{"1":{"start":{"line":64,"column":8},"end":{"line":64,"column":1666}},"2":{"start":{"line":81,"column":8},"end":{"line":81,"column":60}},"3":{"start":{"line":82,"column":8},"end":{"line":82,"column":59}},"4":{"start":{"line":83,"column":8},"end":{"line":83,"column":69}},"5":{"start":{"line":85,"column":8},"end":{"line":85,"column":70}},"6":{"start":{"line":86,"column":8},"end":{"line":86,"column":27}},"7":{"start":{"line":87,"column":8},"end":{"line":87,"column":43}},"8":{"start":{"line":88,"column":8},"end":{"line":88,"column":19}},"9":{"start":{"line":89,"column":8},"end":{"line":89,"column":17}},"10":{"start":{"line":90,"column":8},"end":{"line":90,"column":19}},"11":{"start":{"line":91,"column":8},"end":{"line":91,"column":37}},"12":{"start":{"line":92,"column":8},"end":{"line":92,"column":56}},"13":{"start":{"line":96,"column":8},"end":{"line":96,"column":31}},"14":{"start":{"line":100,"column":8},"end":{"line":100,"column":2765}},"15":{"start":{"line":105,"column":8},"end":{"line":105,"column":66}},"16":{"start":{"line":106,"column":8},"end":{"line":106,"column":43}},"17":{"start":{"line":108,"column":8},"end":{"line":108,"column":50}},"18":{"start":{"line":112,"column":8},"end":{"line":112,"column":33}},"19":{"start":{"line":115,"column":8},"end":{"line":115,"column":3310}},"20":{"start":{"line":120,"column":8},"end":{"line":120,"column":41}},"21":{"start":{"line":121,"column":8},"end":{"line":121,"column":47}},"22":{"start":{"line":123,"column":8},"end":{"line":123,"column":62}},"23":{"start":{"line":127,"column":8},"end":{"line":127,"column":3671}},"24":{"start":{"line":131,"column":8},"end":{"line":131,"column":3808}},"25":{"start":{"line":134,"column":8},"end":{"line":134,"column":3918}},"26":{"start":{"line":144,"column":8},"end":{"line":144,"column":77}},"27":{"start":{"line":145,"column":8},"end":{"line":145,"column":49}},"28":{"start":{"line":146,"column":8},"end":{"line":146,"column":4336}},"29":{"start":{"line":150,"column":8},"end":{"line":150,"column":4463}},"30":{"start":{"line":155,"column":8},"end":{"line":155,"column":40}},"31":{"start":{"line":157,"column":8},"end":{"line":157,"column":66}},"32":{"start":{"line":158,"column":8},"end":{"line":158,"column":4757}},"33":{"start":{"line":159,"column":12},"end":{"line":159,"column":68}},"34":{"start":{"line":160,"column":13},"end":{"line":160,"column":67}},"35":{"start":{"line":162,"column":8},"end":{"line":162,"column":66}},"36":{"start":{"line":166,"column":8},"end":{"line":166,"column":36}},"37":{"start":{"line":168,"column":8},"end":{"line":168,"column":77}},"38":{"start":{"line":170,"column":8},"end":{"line":170,"column":49}},"39":{"start":{"line":171,"column":8},"end":{"line":171,"column":5169}},"40":{"start":{"line":175,"column":8},"end":{"line":175,"column":5315}},"41":{"start":{"line":179,"column":8},"end":{"line":179,"column":5454}},"42":{"start":{"line":184,"column":8},"end":{"line":184,"column":46}},"43":{"start":{"line":187,"column":8},"end":{"line":187,"column":33}},"44":{"start":{"line":189,"column":8},"end":{"line":189,"column":54}},"45":{"start":{"line":191,"column":8},"end":{"line":191,"column":34}},"46":{"start":{"line":193,"column":8},"end":{"line":193,"column":5788}},"47":{"start":{"line":202,"column":8},"end":{"line":202,"column":55}},"48":{"start":{"line":204,"column":8},"end":{"line":204,"column":70}},"49":{"start":{"line":205,"column":8},"end":{"line":205,"column":6193}},"50":{"start":{"line":208,"column":8},"end":{"line":208,"column":6276}},"51":{"start":{"line":218,"column":8},"end":{"line":218,"column":48}},"52":{"start":{"line":219,"column":8},"end":{"line":219,"column":20}},"53":{"start":{"line":220,"column":8},"end":{"line":220,"column":21}},"54":{"start":{"line":222,"column":8},"end":{"line":222,"column":70}},"55":{"start":{"line":223,"column":8},"end":{"line":223,"column":73}},"56":{"start":{"line":224,"column":8},"end":{"line":224,"column":57}},"57":{"start":{"line":226,"column":8},"end":{"line":226,"column":6840}}},"branchMap":{"1":{"line":64,"type":"if","locations":[{"start":{"line":64,"column":8},"end":{"line":64,"column":8}},{"start":{"line":64,"column":8},"end":{"line":64,"column":8}}]},"2":{"line":81,"type":"if","locations":[{"start":{"line":81,"column":8},"end":{"line":81,"column":8}},{"start":{"line":81,"column":8},"end":{"line":81,"column":8}}]},"3":{"line":82,"type":"if","locations":[{"start":{"line":82,"column":8},"end":{"line":82,"column":8}},{"start":{"line":82,"column":8},"end":{"line":82,"column":8}}]},"4":{"line":83,"type":"if","locations":[{"start":{"line":83,"column":8},"end":{"line":83,"column":8}},{"start":{"line":83,"column":8},"end":{"line":83,"column":8}}]},"5":{"line":100,"type":"if","locations":[{"start":{"line":100,"column":8},"end":{"line":100,"column":8}},{"start":{"line":100,"column":8},"end":{"line":100,"column":8}}]},"6":{"line":127,"type":"if","locations":[{"start":{"line":127,"column":8},"end":{"line":127,"column":8}},{"start":{"line":127,"column":8},"end":{"line":127,"column":8}}]},"7":{"line":144,"type":"if","locations":[{"start":{"line":144,"column":8},"end":{"line":144,"column":8}},{"start":{"line":144,"column":8},"end":{"line":144,"column":8}}]},"8":{"line":146,"type":"if","locations":[{"start":{"line":146,"column":8},"end":{"line":146,"column":8}},{"start":{"line":146,"column":8},"end":{"line":146,"column":8}}]},"9":{"line":150,"type":"if","locations":[{"start":{"line":150,"column":8},"end":{"line":150,"column":8}},{"start":{"line":150,"column":8},"end":{"line":150,"column":8}}]},"10":{"line":158,"type":"if","locations":[{"start":{"line":158,"column":8},"end":{"line":158,"column":8}},{"start":{"line":158,"column":8},"end":{"line":158,"column":8}}]},"11":{"line":168,"type":"if","locations":[{"start":{"line":168,"column":8},"end":{"line":168,"column":8}},{"start":{"line":168,"column":8},"end":{"line":168,"column":8}}]},"12":{"line":171,"type":"if","locations":[{"start":{"line":171,"column":8},"end":{"line":171,"column":8}},{"start":{"line":171,"column":8},"end":{"line":171,"column":8}}]},"13":{"line":175,"type":"if","locations":[{"start":{"line":175,"column":8},"end":{"line":175,"column":8}},{"start":{"line":175,"column":8},"end":{"line":175,"column":8}}]},"14":{"line":179,"type":"if","locations":[{"start":{"line":179,"column":8},"end":{"line":179,"column":8}},{"start":{"line":179,"column":8},"end":{"line":179,"column":8}}]}}}}
