TN:
SF:/Users/alexandre/code/alexandrewolff/investorDao/contracts/IDAO.sol
FN:9,constructor
FN:11,mint
FN:15,burn
FNF:3
FNH:3
FNDA:111,constructor
FNDA:38,mint
FNDA:6,burn
DA:12,38
DA:16,6
LF:2
LH:2
BRF:0
BRH:0
end_of_record
TN:
SF:/Users/alexandre/code/alexandrewolff/investorDao/contracts/interfaces/IIDAO.sol
FNF:0
FNH:0
LF:0
LH:0
BRF:0
BRH:0
end_of_record
TN:
SF:/Users/alexandre/code/alexandrewolff/investorDao/contracts/InvestorDao.sol
FN:63,onlyInvestors
FN:71,constructor
FN:95,getProposalsAmount
FN:99,invest
FN:111,withdraw
FN:126,createProposal
FN:143,voteProposal
FN:165,executeProposal
FN:198,trade
FN:217,sendEthToExecutor
FNF:10
FNH:8
FNDA:0,onlyInvestors
FNDA:93,constructor
FNDA:0,getProposalsAmount
FNDA:34,invest
FNDA:4,withdraw
FNDA:22,createProposal
FNDA:19,voteProposal
FNDA:12,executeProposal
FNDA:7,trade
FNDA:7,sendEthToExecutor
DA:64,0
DA:68,0
DA:81,93
DA:82,93
DA:83,93
DA:85,93
DA:86,93
DA:87,93
DA:88,93
DA:89,93
DA:90,93
DA:91,93
DA:92,93
DA:96,0
DA:100,34
DA:105,33
DA:106,33
DA:108,33
DA:112,4
DA:115,4
DA:120,4
DA:121,3
DA:123,3
DA:127,22
DA:131,21
DA:134,21
DA:144,19
DA:145,18
DA:146,18
DA:150,17
DA:155,16
DA:157,16
DA:158,16
DA:159,13
DA:162,16
DA:166,12
DA:168,12
DA:170,11
DA:171,11
DA:175,10
DA:179,8
DA:184,7
DA:186,7
DA:187,7
DA:189,7
DA:191,7
DA:193,7
DA:202,7
DA:204,7
DA:205,7
DA:208,7
DA:218,7
DA:219,7
DA:220,7
DA:222,7
DA:223,7
DA:224,7
DA:226,7
LF:58
LH:55
BRDA:64,1,0,0
BRDA:64,1,1,0
BRDA:81,2,0,93
BRDA:81,2,1,0
BRDA:82,3,0,93
BRDA:82,3,1,0
BRDA:83,4,0,93
BRDA:83,4,1,0
BRDA:100,5,0,33
BRDA:100,5,1,1
BRDA:127,6,0,21
BRDA:127,6,1,1
BRDA:144,7,0,18
BRDA:144,7,1,1
BRDA:146,8,0,17
BRDA:146,8,1,1
BRDA:150,9,0,16
BRDA:150,9,1,1
BRDA:158,10,0,13
BRDA:158,10,1,3
BRDA:168,11,0,11
BRDA:168,11,1,1
BRDA:171,12,0,10
BRDA:171,12,1,1
BRDA:175,13,0,8
BRDA:175,13,1,2
BRDA:179,14,0,7
BRDA:179,14,1,1
BRF:28
BRH:23
end_of_record
